<?xml version="1.0" encoding="UTF-8"?>
<!-- Generated by org.testng.reporters.JUnitReportReporter -->
<testsuite skipped="1" hostname="DESKTOP-27L8JE7" name="com.project.CRM.suitea.LoginTest" tests="2" failures="0" timestamp="05 Aug 2020 01:43:57 GMT" time="0.053" errors="0">
  <testcase name="f" time="0.035" classname="com.project.CRM.suitea.LoginTest"/>
  <testcase name="f" time="0.018" classname="com.project.CRM.suitea.LoginTest">
    <skipped/>
  </testcase> <!-- f -->
</testsuite> <!-- com.project.CRM.suitea.LoginTest -->
