<?xml version="1.0" encoding="UTF-8"?>
<!-- Generated by org.testng.reporters.JUnitReportReporter -->
<testsuite skipped="0" hostname="DESKTOP-27L8JE7" name="com.project.CRM.suitea.TC_001" tests="1" failures="0" timestamp="04 Aug 2020 01:35:28 GMT" time="0.022" errors="0">
  <testcase name="f" time="0.022" classname="com.project.CRM.suitea.TC_001"/>
</testsuite> <!-- com.project.CRM.suitea.TC_001 -->
