<?xml version="1.0" encoding="UTF-8"?>
<!-- Generated by org.testng.reporters.JUnitReportReporter -->
<testsuite skipped="1" hostname="DESKTOP-27L8JE7" name="com.project.CRM.suitea.LoginTest" tests="2" failures="0" timestamp="14 Aug 2020 01:50:50 GMT" time="19.071" errors="0">
  <testcase name="f" time="0.002" classname="com.project.CRM.suitea.LoginTest">
    <skipped/>
  </testcase> <!-- f -->
  <testcase name="f" time="19.069" classname="com.project.CRM.suitea.LoginTest"/>
</testsuite> <!-- com.project.CRM.suitea.LoginTest -->
