<?xml version="1.0" encoding="UTF-8"?>
<!-- Generated by org.testng.reporters.JUnitReportReporter -->
<testsuite skipped="0" hostname="DESKTOP-27L8JE7" name="com.project.CRM.suitea.LoginTest" tests="2" failures="0" timestamp="04 Aug 2020 02:00:50 GMT" time="0.048" errors="0">
  <testcase name="f" time="0.015" classname="com.project.CRM.suitea.LoginTest"/>
  <testcase name="f" time="0.033" classname="com.project.CRM.suitea.LoginTest"/>
</testsuite> <!-- com.project.CRM.suitea.LoginTest -->
