<?xml version="1.0" encoding="UTF-8"?>
<!-- Generated by org.testng.reporters.JUnitReportReporter -->
<testsuite skipped="0" hostname="DESKTOP-27L8JE7" name="com.project.CRM.suitea.TC_001" tests="1" failures="0" timestamp="31 Jul 2020 01:30:54 GMT" time="0.018" errors="0">
  <testcase name="f" time="0.018" classname="com.project.CRM.suitea.TC_001"/>
</testsuite> <!-- com.project.CRM.suitea.TC_001 -->
