<?xml version="1.0" encoding="UTF-8"?>
<!-- Generated by org.testng.reporters.JUnitReportReporter -->
<testsuite skipped="1" hostname="DESKTOP-27L8JE7" name="com.project.CRM.suitea.LoginTest" tests="2" failures="0" timestamp="11 Aug 2020 01:55:20 GMT" time="0.046" errors="0">
  <testcase name="f" time="0.038" classname="com.project.CRM.suitea.LoginTest"/>
  <testcase name="f" time="0.008" classname="com.project.CRM.suitea.LoginTest">
    <skipped/>
  </testcase> <!-- f -->
</testsuite> <!-- com.project.CRM.suitea.LoginTest -->
