<?xml version="1.0" encoding="UTF-8"?>
<!-- Generated by org.testng.reporters.JUnitReportReporter -->
<testsuite skipped="0" hostname="DESKTOP-27L8JE7" name="com.project.CRM.suitea.LoginTest" tests="1" failures="0" timestamp="03 Aug 2020 01:56:09 GMT" time="0.016" errors="0">
  <testcase name="f" time="0.016" classname="com.project.CRM.suitea.LoginTest"/>
</testsuite> <!-- com.project.CRM.suitea.LoginTest -->
