<?xml version="1.0" encoding="UTF-8"?>
<!-- Generated by org.testng.reporters.JUnitReportReporter -->
<testsuite skipped="1" hostname="DESKTOP-27L8JE7" name="com.project.CRM.suitea.LoginTest" tests="2" failures="0" timestamp="20 Aug 2020 01:59:04 GMT" time="18.110" errors="0">
  <testcase name="f" time="18.106" classname="com.project.CRM.suitea.LoginTest"/>
  <testcase name="f" time="0.004" classname="com.project.CRM.suitea.LoginTest">
    <skipped/>
  </testcase> <!-- f -->
</testsuite> <!-- com.project.CRM.suitea.LoginTest -->
