<?xml version="1.0" encoding="UTF-8"?>
<!-- Generated by org.testng.reporters.JUnitReportReporter -->
<testsuite skipped="1" hostname="DESKTOP-27L8JE7" name="com.project.CRM.suitea.LoginTest" tests="2" failures="0" timestamp="13 Aug 2020 01:26:04 GMT" time="26.321" errors="0">
  <testcase name="f" time="0.003" classname="com.project.CRM.suitea.LoginTest">
    <skipped/>
  </testcase> <!-- f -->
  <testcase name="f" time="26.318" classname="com.project.CRM.suitea.LoginTest"/>
</testsuite> <!-- com.project.CRM.suitea.LoginTest -->
