<?xml version="1.0" encoding="UTF-8"?>
<!-- Generated by org.testng.reporters.JUnitReportReporter -->
<testsuite skipped="1" hostname="DESKTOP-27L8JE7" name="pageObjectmodel.Login" tests="2" failures="0" timestamp="24 Jun 2020 02:05:36 GMT" time="18.801" errors="0">
  <testcase name="registration" time="18.801" classname="pageObjectmodel.Login"/>
  <testcase name="login" classname="pageObjectmodel.Login">
    <skipped/>
  </testcase> <!-- login -->
</testsuite> <!-- pageObjectmodel.Login -->
