<?xml version="1.0" encoding="UTF-8"?>
<!-- Generated by org.testng.reporters.JUnitReportReporter -->
<testsuite skipped="0" hostname="DESKTOP-27L8JE7" name="com.project.MavenSeleniumBuild_6_30AMBatch456.TC_003" tests="1" failures="0" timestamp="05 Jun 2020 02:04:30 GMT" time="13.056" errors="0">
  <testcase name="amazon" time="13.056" classname="com.project.MavenSeleniumBuild_6_30AMBatch456.TC_003"/>
</testsuite> <!-- com.project.MavenSeleniumBuild_6_30AMBatch456.TC_003 -->
