<?xml version="1.0" encoding="UTF-8"?>
<!-- Generated by org.testng.reporters.JUnitReportReporter -->
<testsuite skipped="0" hostname="DESKTOP-27L8JE7" name="pageObjectmodel.Login" tests="1" failures="0" timestamp="23 Jun 2020 01:52:07 GMT" time="16.617" errors="0">
  <testcase name="login" time="16.617" classname="pageObjectmodel.Login"/>
</testsuite> <!-- pageObjectmodel.Login -->
