<?xml version="1.0" encoding="UTF-8"?>
<!-- Generated by org.testng.reporters.JUnitReportReporter -->
<testsuite skipped="0" hostname="DESKTOP-27L8JE7" name="com.project.MavenSeleniumBuild_6_30AMBatch456.TC_003" tests="2" failures="0" timestamp="06 Jun 2020 01:45:39 GMT" time="63.753" errors="0">
  <testcase name="amazon" time="17.476" classname="com.project.MavenSeleniumBuild_6_30AMBatch456.TC_003"/>
  <testcase name="amazon" time="46.277" classname="com.project.MavenSeleniumBuild_6_30AMBatch456.TC_003"/>
</testsuite> <!-- com.project.MavenSeleniumBuild_6_30AMBatch456.TC_003 -->
