<?xml version="1.0" encoding="UTF-8"?>
<!-- Generated by org.testng.reporters.JUnitReportReporter -->
<testsuite skipped="0" hostname="DESKTOP-27L8JE7" name="com.project.MavenSeleniumBuild_6_30AMBatch456.RadioButton1" tests="2" failures="0" timestamp="06 Jun 2020 01:45:39 GMT" time="70.880" errors="0">
  <testcase name="checkboxTest" time="52.939" classname="com.project.MavenSeleniumBuild_6_30AMBatch456.RadioButton1"/>
  <testcase name="checkboxTest" time="17.941" classname="com.project.MavenSeleniumBuild_6_30AMBatch456.RadioButton1"/>
</testsuite> <!-- com.project.MavenSeleniumBuild_6_30AMBatch456.RadioButton1 -->
