<?xml version="1.0" encoding="UTF-8"?>
<!-- Generated by org.testng.reporters.JUnitReportReporter -->
<testsuite skipped="0" hostname="DESKTOP-27L8JE7" name="com.project.MavenSeleniumBuild_6_30AMBatch456.LinksTesting1" tests="2" failures="0" timestamp="06 Jun 2020 01:45:39 GMT" time="60.119" errors="0">
  <testcase name="linktesting1" time="13.050" classname="com.project.MavenSeleniumBuild_6_30AMBatch456.LinksTesting1"/>
  <testcase name="linktesting1" time="47.069" classname="com.project.MavenSeleniumBuild_6_30AMBatch456.LinksTesting1"/>
</testsuite> <!-- com.project.MavenSeleniumBuild_6_30AMBatch456.LinksTesting1 -->
