<?xml version="1.0" encoding="UTF-8"?>
<!-- Generated by org.testng.reporters.JUnitReportReporter -->
<testsuite skipped="0" hostname="DESKTOP-27L8JE7" name="com.project.MavenSeleniumBuild_6_30AMBatch456.CheckBox1" tests="2" failures="0" timestamp="06 Jun 2020 01:45:39 GMT" time="63.291" errors="0">
  <testcase name="checkboxTest" time="14.788" classname="com.project.MavenSeleniumBuild_6_30AMBatch456.CheckBox1"/>
  <testcase name="checkboxTest" time="48.503" classname="com.project.MavenSeleniumBuild_6_30AMBatch456.CheckBox1"/>
</testsuite> <!-- com.project.MavenSeleniumBuild_6_30AMBatch456.CheckBox1 -->
